2020-06-01 09:41:10,860  INFO [Thread-16] (LogUtil.java:22) - (send:464500b)C1 00 01 00   ,reviceId = 0 ,time = 2020-06-01 09:41:10.793
2020-06-01 09:41:10,870  INFO [Thread-16] (LogUtil.java:22) - (send:1064500c)20 00 01   ,reviceId = 1250640c ,time = 2020-06-01 09:41:10.870
2020-06-01 09:41:10,875  INFO [Thread-16] (LogUtil.java:22) - recive ?01   ,reviceId = 1250640c ,time = 2020-06-01 09:41:10.875
2020-06-01 09:41:11,876  INFO [Thread-16] (LogUtil.java:22) - (send:464500b)C3 01 01 00 F6 03 0C 00   ,reviceId = 0 ,time = 2020-06-01 09:41:11.876
2020-06-01 09:41:11,982  INFO [Thread-16] (LogUtil.java:22) - (send:1064500c)20 00 01   ,reviceId = 1250640c ,time = 2020-06-01 09:41:11.982
2020-06-01 09:41:11,987  INFO [Thread-16] (LogUtil.java:22) - recive ?03   ,reviceId = 1250640c ,time = 2020-06-01 09:41:11.987
2020-06-01 09:41:12,000  INFO [Thread-16] (LogUtil.java:22) - (send:1064500d)E0 00 11   ,reviceId = 1250640d ,time = 2020-06-01 09:41:12.000
2020-06-01 09:41:12,013  INFO [Thread-16] (LogUtil.java:22) - recive ?F6 03 0C 5A 5A 00 02 00 20 00 04 00 40 00 08 4C 0C   ,reviceId = 1250640d ,time = 2020-06-01 09:41:12.013
2020-06-01 09:41:12,014  INFO [Thread-16] (LogUtil.java:22) - (send:464500b)C3 01 01 00 B2 04 04 00   ,reviceId = 0 ,time = 2020-06-01 09:41:12.014
2020-06-01 09:41:12,119  INFO [Thread-16] (LogUtil.java:22) - (send:1064500c)20 00 01   ,reviceId = 1250640c ,time = 2020-06-01 09:41:12.119
2020-06-01 09:41:12,124  INFO [Thread-16] (LogUtil.java:22) - recive ?03   ,reviceId = 1250640c ,time = 2020-06-01 09:41:12.124
2020-06-01 09:41:12,130  INFO [Thread-16] (LogUtil.java:22) - (send:1064500d)E0 00 09   ,reviceId = 1250640d ,time = 2020-06-01 09:41:12.130
2020-06-01 09:41:12,139  INFO [Thread-16] (LogUtil.java:22) - recive ?B2 04 04 5A 5A 00 1E E8 1B   ,reviceId = 1250640d ,time = 2020-06-01 09:41:12.139
2020-06-01 09:41:12,139  INFO [Thread-16] (LogUtil.java:22) - (send:464500b)C1 00 00 FF   ,reviceId = 0 ,time = 2020-06-01 09:41:12.139
2020-06-01 09:41:29,520  INFO [Thread-16] (LogUtil.java:22) - ????
2020-06-01 09:41:29,521  INFO [Thread-16] (LogUtil.java:22) - ????,????
2020-06-01 09:41:40,382  INFO [main] (LogUtil.java:22) - (send:9e0ffff)01 04 00 00 00 00 00 00   ,reviceId = 0 ,time = 2020-06-01 09:41:40.382
2020-06-01 09:41:40,387  INFO [main] (LogUtil.java:22) - (send:9e0ffff)01 04 00 00 00 00 00 00   ,reviceId = 0 ,time = 2020-06-01 09:41:40.387
2020-06-01 09:41:40,393  INFO [main] (LogUtil.java:22) - (send:9e0ffff)01 06 00 00 00 00 00 00   ,reviceId = 0 ,time = 2020-06-01 09:41:40.393
2020-06-01 09:41:40,399  INFO [main] (LogUtil.java:22) - (send:9e0ffff)01 06 00 00 00 00 00 00   ,reviceId = 0 ,time = 2020-06-01 09:41:40.399
2020-06-01 09:41:40,486  INFO [Thread-17] (LogUtil.java:22) - (send:9e6ffff)00 00 00 00 00 00 00 00   ,reviceId = 0 ,time = 2020-06-01 09:41:40.486
2020-06-01 09:41:40,905  INFO [main] (LogUtil.java:22) - (send:9e0ffff)01 02 00 00 00 00 00 00   ,reviceId = 0 ,time = 2020-06-01 09:41:40.905
2020-06-01 09:41:40,911  INFO [main] (LogUtil.java:22) - (send:9e0ffff)01 02 00 00 00 00 00 00   ,reviceId = 0 ,time = 2020-06-01 09:41:40.911
2020-06-01 09:41:41,492  INFO [Thread-17] (LogUtil.java:22) - (send:9e6ffff)00 00 00 00 00 00 00 00   ,reviceId = 0 ,time = 2020-06-01 09:41:41.492
2020-06-01 09:41:42,498  INFO [Thread-17] (LogUtil.java:22) - (send:9e6ffff)00 00 00 00 00 00 00 00   ,reviceId = 0 ,time = 2020-06-01 09:41:42.498
2020-06-01 09:41:43,503  INFO [Thread-17] (LogUtil.java:22) - (send:9e6ffff)00 00 00 00 00 00 00 00   ,reviceId = 0 ,time = 2020-06-01 09:41:43.503
2020-06-01 09:41:44,509  INFO [Thread-17] (LogUtil.java:22) - (send:9e6ffff)00 00 00 00 00 00 00 00   ,reviceId = 0 ,time = 2020-06-01 09:41:44.509
2020-06-01 09:41:45,515  INFO [Thread-17] (LogUtil.java:22) - (send:9e6ffff)00 00 00 00 00 00 00 00   ,reviceId = 0 ,time = 2020-06-01 09:41:45.515
2020-06-01 09:41:46,520  INFO [Thread-17] (LogUtil.java:22) - (send:9e6ffff)00 00 00 00 00 00 00 00   ,reviceId = 0 ,time = 2020-06-01 09:41:46.520
2020-06-01 09:41:47,526  INFO [Thread-17] (LogUtil.java:22) - (send:9e6ffff)00 00 00 00 00 00 00 00   ,reviceId = 0 ,time = 2020-06-01 09:41:47.526
2020-06-01 09:41:48,530  INFO [Thread-17] (LogUtil.java:22) - (send:9e6ffff)00 00 00 00 00 00 00 00   ,reviceId = 0 ,time = 2020-06-01 09:41:48.530
2020-06-01 09:41:49,536  INFO [Thread-17] (LogUtil.java:22) - (send:9e6ffff)00 00 00 00 00 00 00 00   ,reviceId = 0 ,time = 2020-06-01 09:41:49.536
2020-06-01 09:41:50,542  INFO [Thread-17] (LogUtil.java:22) - (send:9e6ffff)00 00 00 00 00 00 00 00   ,reviceId = 0 ,time = 2020-06-01 09:41:50.542
2020-06-01 09:41:51,547  INFO [Thread-17] (LogUtil.java:22) - (send:9e6ffff)00 00 00 00 00 00 00 00   ,reviceId = 0 ,time = 2020-06-01 09:41:51.547
2020-06-01 09:41:52,551  INFO [Thread-17] (LogUtil.java:22) - (send:9e6ffff)00 00 00 00 00 00 00 00   ,reviceId = 0 ,time = 2020-06-01 09:41:52.551
2020-06-01 09:41:53,556  INFO [Thread-17] (LogUtil.java:22) - (send:9e6ffff)00 00 00 00 00 00 00 00   ,reviceId = 0 ,time = 2020-06-01 09:41:53.556
2020-06-01 09:41:54,561  INFO [Thread-17] (LogUtil.java:22) - (send:9e6ffff)00 00 00 00 00 00 00 00   ,reviceId = 0 ,time = 2020-06-01 09:41:54.561
2020-06-01 09:41:55,567  INFO [Thread-17] (LogUtil.java:22) - (send:9e6ffff)00 00 00 00 00 00 00 00   ,reviceId = 0 ,time = 2020-06-01 09:41:55.567
2020-06-01 09:41:56,572  INFO [Thread-17] (LogUtil.java:22) - (send:9e6ffff)00 00 00 00 00 00 00 00   ,reviceId = 0 ,time = 2020-06-01 09:41:56.572
2020-06-01 09:41:57,577  INFO [Thread-17] (LogUtil.java:22) - (send:9e6ffff)00 00 00 00 00 00 00 00   ,reviceId = 0 ,time = 2020-06-01 09:41:57.577
2020-06-01 09:41:58,584  INFO [Thread-17] (LogUtil.java:22) - (send:9e6ffff)00 00 00 00 00 00 00 00   ,reviceId = 0 ,time = 2020-06-01 09:41:58.584
2020-06-01 09:41:59,590  INFO [Thread-17] (LogUtil.java:22) - (send:9e6ffff)00 00 00 00 00 00 00 00   ,reviceId = 0 ,time = 2020-06-01 09:41:59.590
2020-06-01 09:42:00,595  INFO [Thread-17] (LogUtil.java:22) - (send:9e6ffff)00 00 00 00 00 00 00 00   ,reviceId = 0 ,time = 2020-06-01 09:42:00.595
2020-06-01 09:42:01,602  INFO [Thread-17] (LogUtil.java:22) - (send:9e6ffff)00 00 00 00 00 00 00 00   ,reviceId = 0 ,time = 2020-06-01 09:42:01.602
2020-06-01 09:42:02,607  INFO [Thread-17] (LogUtil.java:22) - (send:9e6ffff)00 00 00 00 00 00 00 00   ,reviceId = 0 ,time = 2020-06-01 09:42:02.607
2020-06-01 09:42:03,613  INFO [Thread-17] (LogUtil.java:22) - (send:9e6ffff)00 00 00 00 00 00 00 00   ,reviceId = 0 ,time = 2020-06-01 09:42:03.613
2020-06-01 09:42:04,619  INFO [Thread-17] (LogUtil.java:22) - (send:9e6ffff)00 00 00 00 00 00 00 00   ,reviceId = 0 ,time = 2020-06-01 09:42:04.619
2020-06-01 09:42:05,625  INFO [Thread-17] (LogUtil.java:22) - (send:9e6ffff)00 00 00 00 00 00 00 00   ,reviceId = 0 ,time = 2020-06-01 09:42:05.625
2020-06-01 09:42:06,632  INFO [Thread-17] (LogUtil.java:22) - (send:9e6ffff)00 00 00 00 00 00 00 00   ,reviceId = 0 ,time = 2020-06-01 09:42:06.632
2020-06-01 09:42:07,637  INFO [Thread-17] (LogUtil.java:22) - (send:9e6ffff)00 00 00 00 00 00 00 00   ,reviceId = 0 ,time = 2020-06-01 09:42:07.637
2020-06-01 09:42:08,643  INFO [Thread-17] (LogUtil.java:22) - (send:9e6ffff)00 00 00 00 00 00 00 00   ,reviceId = 0 ,time = 2020-06-01 09:42:08.643
2020-06-01 09:42:09,648  INFO [Thread-17] (LogUtil.java:22) - (send:9e6ffff)00 00 00 00 00 00 00 00   ,reviceId = 0 ,time = 2020-06-01 09:42:09.648
2020-06-01 09:42:10,654  INFO [Thread-17] (LogUtil.java:22) - (send:9e6ffff)00 00 00 00 00 00 00 00   ,reviceId = 0 ,time = 2020-06-01 09:42:10.654
2020-06-01 09:42:11,660  INFO [Thread-17] (LogUtil.java:22) - (send:9e6ffff)00 00 00 00 00 00 00 00   ,reviceId = 0 ,time = 2020-06-01 09:42:11.660
2020-06-01 09:42:12,666  INFO [Thread-17] (LogUtil.java:22) - (send:9e6ffff)00 00 00 00 00 00 00 00   ,reviceId = 0 ,time = 2020-06-01 09:42:12.666
2020-06-01 09:42:13,672  INFO [Thread-17] (LogUtil.java:22) - (send:9e6ffff)00 00 00 00 00 00 00 00   ,reviceId = 0 ,time = 2020-06-01 09:42:13.672
2020-06-01 09:42:14,677  INFO [Thread-17] (LogUtil.java:22) - (send:9e6ffff)00 00 00 00 00 00 00 00   ,reviceId = 0 ,time = 2020-06-01 09:42:14.677
2020-06-01 09:42:15,683  INFO [Thread-17] (LogUtil.java:22) - (send:9e6ffff)00 00 00 00 00 00 00 00   ,reviceId = 0 ,time = 2020-06-01 09:42:15.683
2020-06-01 09:42:16,689  INFO [Thread-17] (LogUtil.java:22) - (send:9e6ffff)00 00 00 00 00 00 00 00   ,reviceId = 0 ,time = 2020-06-01 09:42:16.689
2020-06-01 09:42:17,693  INFO [Thread-17] (LogUtil.java:22) - (send:9e6ffff)00 00 00 00 00 00 00 00   ,reviceId = 0 ,time = 2020-06-01 09:42:17.693
2020-06-01 09:42:18,698  INFO [Thread-17] (LogUtil.java:22) - (send:9e6ffff)00 00 00 00 00 00 00 00   ,reviceId = 0 ,time = 2020-06-01 09:42:18.698
2020-06-01 09:42:19,704  INFO [Thread-17] (LogUtil.java:22) - (send:9e6ffff)00 00 00 00 00 00 00 00   ,reviceId = 0 ,time = 2020-06-01 09:42:19.704
2020-06-01 09:42:20,709  INFO [Thread-17] (LogUtil.java:22) - (send:9e6ffff)00 00 00 00 00 00 00 00   ,reviceId = 0 ,time = 2020-06-01 09:42:20.709
2020-06-01 09:42:21,715  INFO [Thread-17] (LogUtil.java:22) - (send:9e6ffff)00 00 00 00 00 00 00 00   ,reviceId = 0 ,time = 2020-06-01 09:42:21.715
2020-06-01 09:42:22,721  INFO [Thread-17] (LogUtil.java:22) - (send:9e6ffff)00 00 00 00 00 00 00 00   ,reviceId = 0 ,time = 2020-06-01 09:42:22.721
2020-06-01 09:42:23,728  INFO [Thread-17] (LogUtil.java:22) - (send:9e6ffff)00 00 00 00 00 00 00 00   ,reviceId = 0 ,time = 2020-06-01 09:42:23.728
2020-06-01 09:42:24,735  INFO [Thread-17] (LogUtil.java:22) - (send:9e6ffff)00 00 00 00 00 00 00 00   ,reviceId = 0 ,time = 2020-06-01 09:42:24.735
2020-06-01 09:42:25,741  INFO [Thread-17] (LogUtil.java:22) - (send:9e6ffff)00 00 00 00 00 00 00 00   ,reviceId = 0 ,time = 2020-06-01 09:42:25.741
2020-06-01 09:42:26,746  INFO [Thread-17] (LogUtil.java:22) - (send:9e6ffff)00 00 00 00 00 00 00 00   ,reviceId = 0 ,time = 2020-06-01 09:42:26.746
2020-06-01 09:42:27,752  INFO [Thread-17] (LogUtil.java:22) - (send:9e6ffff)00 00 00 00 00 00 00 00   ,reviceId = 0 ,time = 2020-06-01 09:42:27.752
2020-06-01 09:42:28,761  INFO [Thread-17] (LogUtil.java:22) - (send:9e6ffff)00 00 00 00 00 00 00 00   ,reviceId = 0 ,time = 2020-06-01 09:42:28.761
2020-06-01 09:42:29,771  INFO [Thread-17] (LogUtil.java:22) - (send:9e6ffff)00 00 00 00 00 00 00 00   ,reviceId = 0 ,time = 2020-06-01 09:42:29.771
2020-06-01 09:42:30,776  INFO [Thread-17] (LogUtil.java:22) - (send:9e6ffff)00 00 00 00 00 00 00 00   ,reviceId = 0 ,time = 2020-06-01 09:42:30.776
2020-06-01 09:42:31,783  INFO [Thread-17] (LogUtil.java:22) - (send:9e6ffff)00 00 00 00 00 00 00 00   ,reviceId = 0 ,time = 2020-06-01 09:42:31.783
2020-06-01 09:42:32,787  INFO [Thread-17] (LogUtil.java:22) - (send:9e6ffff)00 00 00 00 00 00 00 00   ,reviceId = 0 ,time = 2020-06-01 09:42:32.787
2020-06-01 09:42:33,792  INFO [Thread-17] (LogUtil.java:22) - (send:9e6ffff)00 00 00 00 00 00 00 00   ,reviceId = 0 ,time = 2020-06-01 09:42:33.792
2020-06-01 09:42:34,797  INFO [Thread-17] (LogUtil.java:22) - (send:9e6ffff)00 00 00 00 00 00 00 00   ,reviceId = 0 ,time = 2020-06-01 09:42:34.797
2020-06-01 09:42:35,802  INFO [Thread-17] (LogUtil.java:22) - (send:9e6ffff)00 00 00 00 00 00 00 00   ,reviceId = 0 ,time = 2020-06-01 09:42:35.802
2020-06-01 09:42:36,808  INFO [Thread-17] (LogUtil.java:22) - (send:9e6ffff)00 00 00 00 00 00 00 00   ,reviceId = 0 ,time = 2020-06-01 09:42:36.808
2020-06-01 09:42:37,812  INFO [Thread-17] (LogUtil.java:22) - (send:9e6ffff)00 00 00 00 00 00 00 00   ,reviceId = 0 ,time = 2020-06-01 09:42:37.812
2020-06-01 09:42:38,818  INFO [Thread-17] (LogUtil.java:22) - (send:9e6ffff)00 00 00 00 00 00 00 00   ,reviceId = 0 ,time = 2020-06-01 09:42:38.818
2020-06-01 09:42:39,823  INFO [Thread-17] (LogUtil.java:22) - (send:9e6ffff)00 00 00 00 00 00 00 00   ,reviceId = 0 ,time = 2020-06-01 09:42:39.823
2020-06-01 09:42:40,828  INFO [Thread-17] (LogUtil.java:22) - (send:9e6ffff)00 00 00 00 00 00 00 00   ,reviceId = 0 ,time = 2020-06-01 09:42:40.828
2020-06-01 09:42:41,833  INFO [Thread-17] (LogUtil.java:22) - (send:9e6ffff)00 00 00 00 00 00 00 00   ,reviceId = 0 ,time = 2020-06-01 09:42:41.833
2020-06-01 09:42:42,838  INFO [Thread-17] (LogUtil.java:22) - (send:9e6ffff)00 00 00 00 00 00 00 00   ,reviceId = 0 ,time = 2020-06-01 09:42:42.838
2020-06-01 09:42:43,844  INFO [Thread-17] (LogUtil.java:22) - (send:9e6ffff)00 00 00 00 00 00 00 00   ,reviceId = 0 ,time = 2020-06-01 09:42:43.844
2020-06-01 09:42:44,849  INFO [Thread-17] (LogUtil.java:22) - (send:9e6ffff)00 00 00 00 00 00 00 00   ,reviceId = 0 ,time = 2020-06-01 09:42:44.849
2020-06-01 09:42:45,854  INFO [Thread-17] (LogUtil.java:22) - (send:9e6ffff)00 00 00 00 00 00 00 00   ,reviceId = 0 ,time = 2020-06-01 09:42:45.854
2020-06-01 09:42:46,621  INFO [Thread-16] (LogUtil.java:22) - ????
2020-06-01 09:42:46,622  INFO [Thread-16] (LogUtil.java:22) - ????,????
2020-06-01 09:42:46,859  INFO [Thread-17] (LogUtil.java:22) - (send:9e6ffff)00 00 00 00 00 00 00 00   ,reviceId = 0 ,time = 2020-06-01 09:42:46.859
2020-06-01 09:42:47,865  INFO [Thread-17] (LogUtil.java:22) - (send:9e6ffff)00 00 00 00 00 00 00 00   ,reviceId = 0 ,time = 2020-06-01 09:42:47.865
2020-06-01 09:42:48,871  INFO [Thread-17] (LogUtil.java:22) - (send:9e6ffff)00 00 00 00 00 00 00 00   ,reviceId = 0 ,time = 2020-06-01 09:42:48.871
2020-06-01 09:42:49,875  INFO [Thread-17] (LogUtil.java:22) - (send:9e6ffff)00 00 00 00 00 00 00 00   ,reviceId = 0 ,time = 2020-06-01 09:42:49.875
2020-06-01 09:42:50,879  INFO [Thread-17] (LogUtil.java:22) - (send:9e6ffff)00 00 00 00 00 00 00 00   ,reviceId = 0 ,time = 2020-06-01 09:42:50.879
2020-06-01 09:42:51,884  INFO [Thread-17] (LogUtil.java:22) - (send:9e6ffff)00 00 00 00 00 00 00 00   ,reviceId = 0 ,time = 2020-06-01 09:42:51.884
2020-06-01 09:42:52,889  INFO [Thread-17] (LogUtil.java:22) - (send:9e6ffff)00 00 00 00 00 00 00 00   ,reviceId = 0 ,time = 2020-06-01 09:42:52.889
2020-06-01 09:42:53,894  INFO [Thread-17] (LogUtil.java:22) - (send:9e6ffff)00 00 00 00 00 00 00 00   ,reviceId = 0 ,time = 2020-06-01 09:42:53.894
2020-06-01 09:42:54,900  INFO [Thread-17] (LogUtil.java:22) - (send:9e6ffff)00 00 00 00 00 00 00 00   ,reviceId = 0 ,time = 2020-06-01 09:42:54.900
2020-06-01 09:42:55,904  INFO [Thread-17] (LogUtil.java:22) - (send:9e6ffff)00 00 00 00 00 00 00 00   ,reviceId = 0 ,time = 2020-06-01 09:42:55.904
2020-06-01 09:42:56,910  INFO [Thread-17] (LogUtil.java:22) - (send:9e6ffff)00 00 00 00 00 00 00 00   ,reviceId = 0 ,time = 2020-06-01 09:42:56.910
2020-06-01 09:42:57,916  INFO [Thread-17] (LogUtil.java:22) - (send:9e6ffff)00 00 00 00 00 00 00 00   ,reviceId = 0 ,time = 2020-06-01 09:42:57.916
2020-06-01 09:42:58,920  INFO [Thread-17] (LogUtil.java:22) - (send:9e6ffff)00 00 00 00 00 00 00 00   ,reviceId = 0 ,time = 2020-06-01 09:42:58.920
2020-06-01 09:42:59,926  INFO [Thread-17] (LogUtil.java:22) - (send:9e6ffff)00 00 00 00 00 00 00 00   ,reviceId = 0 ,time = 2020-06-01 09:42:59.926
2020-06-01 09:43:00,932  INFO [Thread-17] (LogUtil.java:22) - (send:9e6ffff)00 00 00 00 00 00 00 00   ,reviceId = 0 ,time = 2020-06-01 09:43:00.932
2020-06-01 09:43:01,937  INFO [Thread-17] (LogUtil.java:22) - (send:9e6ffff)00 00 00 00 00 00 00 00   ,reviceId = 0 ,time = 2020-06-01 09:43:01.937
2020-06-01 09:43:02,943  INFO [Thread-17] (LogUtil.java:22) - (send:9e6ffff)00 00 00 00 00 00 00 00   ,reviceId = 0 ,time = 2020-06-01 09:43:02.943
2020-06-01 09:43:03,949  INFO [Thread-17] (LogUtil.java:22) - (send:9e6ffff)00 00 00 00 00 00 00 00   ,reviceId = 0 ,time = 2020-06-01 09:43:03.949
2020-06-01 09:43:04,956  INFO [Thread-17] (LogUtil.java:22) - (send:9e6ffff)00 00 00 00 00 00 00 00   ,reviceId = 0 ,time = 2020-06-01 09:43:04.955
2020-06-01 09:43:05,961  INFO [Thread-17] (LogUtil.java:22) - (send:9e6ffff)00 00 00 00 00 00 00 00   ,reviceId = 0 ,time = 2020-06-01 09:43:05.961
2020-06-01 09:43:06,966  INFO [Thread-17] (LogUtil.java:22) - (send:9e6ffff)00 00 00 00 00 00 00 00   ,reviceId = 0 ,time = 2020-06-01 09:43:06.966
2020-06-01 09:43:07,972  INFO [Thread-17] (LogUtil.java:22) - (send:9e6ffff)00 00 00 00 00 00 00 00   ,reviceId = 0 ,time = 2020-06-01 09:43:07.972
2020-06-01 09:43:08,979  INFO [Thread-17] (LogUtil.java:22) - (send:9e6ffff)00 00 00 00 00 00 00 00   ,reviceId = 0 ,time = 2020-06-01 09:43:08.979
2020-06-01 09:43:09,985  INFO [Thread-17] (LogUtil.java:22) - (send:9e6ffff)00 00 00 00 00 00 00 00   ,reviceId = 0 ,time = 2020-06-01 09:43:09.985
2020-06-01 09:43:10,990  INFO [Thread-17] (LogUtil.java:22) - (send:9e6ffff)00 00 00 00 00 00 00 00   ,reviceId = 0 ,time = 2020-06-01 09:43:10.990
2020-06-01 09:43:11,996  INFO [Thread-17] (LogUtil.java:22) - (send:9e6ffff)00 00 00 00 00 00 00 00   ,reviceId = 0 ,time = 2020-06-01 09:43:11.996
2020-06-01 09:43:13,003  INFO [Thread-17] (LogUtil.java:22) - (send:9e6ffff)00 00 00 00 00 00 00 00   ,reviceId = 0 ,time = 2020-06-01 09:43:13.003
2020-06-01 09:43:14,008  INFO [Thread-17] (LogUtil.java:22) - (send:9e6ffff)00 00 00 00 00 00 00 00   ,reviceId = 0 ,time = 2020-06-01 09:43:14.008
2020-06-01 09:43:15,013  INFO [Thread-17] (LogUtil.java:22) - (send:9e6ffff)00 00 00 00 00 00 00 00   ,reviceId = 0 ,time = 2020-06-01 09:43:15.013
2020-06-01 09:43:16,017  INFO [Thread-17] (LogUtil.java:22) - (send:9e6ffff)00 00 00 00 00 00 00 00   ,reviceId = 0 ,time = 2020-06-01 09:43:16.017
2020-06-01 09:43:17,024  INFO [Thread-17] (LogUtil.java:22) - (send:9e6ffff)00 00 00 00 00 00 00 00   ,reviceId = 0 ,time = 2020-06-01 09:43:17.024
2020-06-01 09:43:18,029  INFO [Thread-17] (LogUtil.java:22) - (send:9e6ffff)00 00 00 00 00 00 00 00   ,reviceId = 0 ,time = 2020-06-01 09:43:18.029
2020-06-01 09:43:19,033  INFO [Thread-17] (LogUtil.java:22) - (send:9e6ffff)00 00 00 00 00 00 00 00   ,reviceId = 0 ,time = 2020-06-01 09:43:19.033
2020-06-01 09:43:20,039  INFO [Thread-17] (LogUtil.java:22) - (send:9e6ffff)00 00 00 00 00 00 00 00   ,reviceId = 0 ,time = 2020-06-01 09:43:20.039
2020-06-01 09:43:21,044  INFO [Thread-17] (LogUtil.java:22) - (send:9e6ffff)00 00 00 00 00 00 00 00   ,reviceId = 0 ,time = 2020-06-01 09:43:21.044
2020-06-01 09:43:22,050  INFO [Thread-17] (LogUtil.java:22) - (send:9e6ffff)00 00 00 00 00 00 00 00   ,reviceId = 0 ,time = 2020-06-01 09:43:22.050
2020-06-01 09:43:23,056  INFO [Thread-17] (LogUtil.java:22) - (send:9e6ffff)00 00 00 00 00 00 00 00   ,reviceId = 0 ,time = 2020-06-01 09:43:23.056
2020-06-01 09:43:24,062  INFO [Thread-17] (LogUtil.java:22) - (send:9e6ffff)00 00 00 00 00 00 00 00   ,reviceId = 0 ,time = 2020-06-01 09:43:24.062
2020-06-01 09:43:25,067  INFO [Thread-17] (LogUtil.java:22) - (send:9e6ffff)00 00 00 00 00 00 00 00   ,reviceId = 0 ,time = 2020-06-01 09:43:25.067
2020-06-01 09:43:26,073  INFO [Thread-17] (LogUtil.java:22) - (send:9e6ffff)00 00 00 00 00 00 00 00   ,reviceId = 0 ,time = 2020-06-01 09:43:26.073
2020-06-01 09:43:27,078  INFO [Thread-17] (LogUtil.java:22) - (send:9e6ffff)00 00 00 00 00 00 00 00   ,reviceId = 0 ,time = 2020-06-01 09:43:27.078
2020-06-01 09:43:28,084  INFO [Thread-17] (LogUtil.java:22) - (send:9e6ffff)00 00 00 00 00 00 00 00   ,reviceId = 0 ,time = 2020-06-01 09:43:28.084
2020-06-01 09:43:29,088  INFO [Thread-17] (LogUtil.java:22) - (send:9e6ffff)00 00 00 00 00 00 00 00   ,reviceId = 0 ,time = 2020-06-01 09:43:29.088
2020-06-01 09:43:30,094  INFO [Thread-17] (LogUtil.java:22) - (send:9e6ffff)00 00 00 00 00 00 00 00   ,reviceId = 0 ,time = 2020-06-01 09:43:30.094
2020-06-01 09:43:31,100  INFO [Thread-17] (LogUtil.java:22) - (send:9e6ffff)00 00 00 00 00 00 00 00   ,reviceId = 0 ,time = 2020-06-01 09:43:31.100
2020-06-01 09:43:32,105  INFO [Thread-17] (LogUtil.java:22) - (send:9e6ffff)00 00 00 00 00 00 00 00   ,reviceId = 0 ,time = 2020-06-01 09:43:32.105
2020-06-01 09:43:33,112  INFO [Thread-17] (LogUtil.java:22) - (send:9e6ffff)00 00 00 00 00 00 00 00   ,reviceId = 0 ,time = 2020-06-01 09:43:33.112
2020-06-01 09:43:34,117  INFO [Thread-17] (LogUtil.java:22) - (send:9e6ffff)00 00 00 00 00 00 00 00   ,reviceId = 0 ,time = 2020-06-01 09:43:34.117
2020-06-01 09:43:35,122  INFO [Thread-17] (LogUtil.java:22) - (send:9e6ffff)00 00 00 00 00 00 00 00   ,reviceId = 0 ,time = 2020-06-01 09:43:35.122
2020-06-01 09:43:36,127  INFO [Thread-17] (LogUtil.java:22) - (send:9e6ffff)00 00 00 00 00 00 00 00   ,reviceId = 0 ,time = 2020-06-01 09:43:36.127
2020-06-01 09:43:37,133  INFO [Thread-17] (LogUtil.java:22) - (send:9e6ffff)00 00 00 00 00 00 00 00   ,reviceId = 0 ,time = 2020-06-01 09:43:37.133
2020-06-01 09:43:38,139  INFO [Thread-17] (LogUtil.java:22) - (send:9e6ffff)00 00 00 00 00 00 00 00   ,reviceId = 0 ,time = 2020-06-01 09:43:38.139
2020-06-01 09:43:39,146  INFO [Thread-17] (LogUtil.java:22) - (send:9e6ffff)00 00 00 00 00 00 00 00   ,reviceId = 0 ,time = 2020-06-01 09:43:39.146
2020-06-01 09:43:40,152  INFO [Thread-17] (LogUtil.java:22) - (send:9e6ffff)00 00 00 00 00 00 00 00   ,reviceId = 0 ,time = 2020-06-01 09:43:40.152
2020-06-01 09:43:41,157  INFO [Thread-17] (LogUtil.java:22) - (send:9e6ffff)00 00 00 00 00 00 00 00   ,reviceId = 0 ,time = 2020-06-01 09:43:41.157
2020-06-01 09:43:42,163  INFO [Thread-17] (LogUtil.java:22) - (send:9e6ffff)00 00 00 00 00 00 00 00   ,reviceId = 0 ,time = 2020-06-01 09:43:42.163
2020-06-01 09:43:43,169  INFO [Thread-17] (LogUtil.java:22) - (send:9e6ffff)00 00 00 00 00 00 00 00   ,reviceId = 0 ,time = 2020-06-01 09:43:43.169
2020-06-01 09:43:44,175  INFO [Thread-17] (LogUtil.java:22) - (send:9e6ffff)00 00 00 00 00 00 00 00   ,reviceId = 0 ,time = 2020-06-01 09:43:44.175
2020-06-01 09:43:45,181  INFO [Thread-17] (LogUtil.java:22) - (send:9e6ffff)00 00 00 00 00 00 00 00   ,reviceId = 0 ,time = 2020-06-01 09:43:45.181
2020-06-01 09:43:46,185  INFO [Thread-17] (LogUtil.java:22) - (send:9e6ffff)00 00 00 00 00 00 00 00   ,reviceId = 0 ,time = 2020-06-01 09:43:46.185
2020-06-01 09:43:47,191  INFO [Thread-17] (LogUtil.java:22) - (send:9e6ffff)00 00 00 00 00 00 00 00   ,reviceId = 0 ,time = 2020-06-01 09:43:47.191
2020-06-01 09:43:48,197  INFO [Thread-17] (LogUtil.java:22) - (send:9e6ffff)00 00 00 00 00 00 00 00   ,reviceId = 0 ,time = 2020-06-01 09:43:48.197
2020-06-01 09:43:49,203  INFO [Thread-17] (LogUtil.java:22) - (send:9e6ffff)00 00 00 00 00 00 00 00   ,reviceId = 0 ,time = 2020-06-01 09:43:49.203
2020-06-01 09:43:50,207  INFO [Thread-17] (LogUtil.java:22) - (send:9e6ffff)00 00 00 00 00 00 00 00   ,reviceId = 0 ,time = 2020-06-01 09:43:50.207
2020-06-01 09:43:51,212  INFO [Thread-17] (LogUtil.java:22) - (send:9e6ffff)00 00 00 00 00 00 00 00   ,reviceId = 0 ,time = 2020-06-01 09:43:51.212
2020-06-01 09:43:52,217  INFO [Thread-17] (LogUtil.java:22) - (send:9e6ffff)00 00 00 00 00 00 00 00   ,reviceId = 0 ,time = 2020-06-01 09:43:52.217
2020-06-01 09:43:53,222  INFO [Thread-17] (LogUtil.java:22) - (send:9e6ffff)00 00 00 00 00 00 00 00   ,reviceId = 0 ,time = 2020-06-01 09:43:53.222
2020-06-01 09:43:54,227  INFO [Thread-17] (LogUtil.java:22) - (send:9e6ffff)00 00 00 00 00 00 00 00   ,reviceId = 0 ,time = 2020-06-01 09:43:54.227
2020-06-01 09:43:55,233  INFO [Thread-17] (LogUtil.java:22) - (send:9e6ffff)00 00 00 00 00 00 00 00   ,reviceId = 0 ,time = 2020-06-01 09:43:55.233
2020-06-01 09:43:56,239  INFO [Thread-17] (LogUtil.java:22) - (send:9e6ffff)00 00 00 00 00 00 00 00   ,reviceId = 0 ,time = 2020-06-01 09:43:56.239
2020-06-01 09:43:57,245  INFO [Thread-17] (LogUtil.java:22) - (send:9e6ffff)00 00 00 00 00 00 00 00   ,reviceId = 0 ,time = 2020-06-01 09:43:57.245
2020-06-01 09:43:58,250  INFO [Thread-17] (LogUtil.java:22) - (send:9e6ffff)00 00 00 00 00 00 00 00   ,reviceId = 0 ,time = 2020-06-01 09:43:58.250
2020-06-01 09:43:59,256  INFO [Thread-17] (LogUtil.java:22) - (send:9e6ffff)00 00 00 00 00 00 00 00   ,reviceId = 0 ,time = 2020-06-01 09:43:59.256
2020-06-01 09:44:00,260  INFO [Thread-17] (LogUtil.java:22) - (send:9e6ffff)00 00 00 00 00 00 00 00   ,reviceId = 0 ,time = 2020-06-01 09:44:00.260
2020-06-01 09:44:01,267  INFO [Thread-17] (LogUtil.java:22) - (send:9e6ffff)00 00 00 00 00 00 00 00   ,reviceId = 0 ,time = 2020-06-01 09:44:01.267
2020-06-01 09:44:02,272  INFO [Thread-17] (LogUtil.java:22) - (send:9e6ffff)00 00 00 00 00 00 00 00   ,reviceId = 0 ,time = 2020-06-01 09:44:02.272
