2021-05-18 10:32:00,723  INFO [Thread-16] (LogUtil.java:22) - (send:464500b)C1 00 01 00   ,reviceId = 0 ,time = 2021-05-18 10:32:00.629
2021-05-18 10:32:00,732  INFO [Thread-16] (LogUtil.java:22) - (send:1064500c)20 00 01   ,reviceId = 1250640c ,time = 2021-05-18 10:32:00.732
2021-05-18 10:32:01,842  INFO [Thread-16] (LogUtil.java:22) - recive £º datas =null   ,reviceId = 1250640c ,time = 2021-05-18 10:32:01.842
2021-05-18 10:32:01,842  INFO [Thread-16] (LogUtil.java:22) - (send:1064500c)20 00 01   ,reviceId = 1250640c ,time = 2021-05-18 10:32:01.842
2021-05-18 10:32:02,954  INFO [Thread-16] (LogUtil.java:22) - recive £º datas =null   ,reviceId = 1250640c ,time = 2021-05-18 10:32:02.954
2021-05-18 10:32:03,455  INFO [Thread-16] (LogUtil.java:22) - (send:464500b)C1 00 01 00   ,reviceId = 0 ,time = 2021-05-18 10:32:03.455
2021-05-18 10:32:03,470  INFO [Thread-16] (LogUtil.java:22) - (send:1064500c)20 00 01   ,reviceId = 1250640c ,time = 2021-05-18 10:32:03.470
2021-05-18 10:32:04,583  INFO [Thread-16] (LogUtil.java:22) - recive £º datas =null   ,reviceId = 1250640c ,time = 2021-05-18 10:32:04.583
2021-05-18 10:32:04,583  INFO [Thread-16] (LogUtil.java:22) - (send:1064500c)20 00 01   ,reviceId = 1250640c ,time = 2021-05-18 10:32:04.583
2021-05-18 10:32:05,694  INFO [Thread-16] (LogUtil.java:22) - recive £º datas =null   ,reviceId = 1250640c ,time = 2021-05-18 10:32:05.694
2021-05-18 10:32:06,194  INFO [Thread-16] (LogUtil.java:22) - (send:464500b)C1 00 01 00   ,reviceId = 0 ,time = 2021-05-18 10:32:06.194
2021-05-18 10:32:06,199  INFO [Thread-16] (LogUtil.java:22) - (send:1064500c)20 00 01   ,reviceId = 1250640c ,time = 2021-05-18 10:32:06.199
2021-05-18 10:32:07,309  INFO [Thread-16] (LogUtil.java:22) - recive £º datas =null   ,reviceId = 1250640c ,time = 2021-05-18 10:32:07.309
2021-05-18 10:32:07,309  INFO [Thread-16] (LogUtil.java:22) - (send:1064500c)20 00 01   ,reviceId = 1250640c ,time = 2021-05-18 10:32:07.309
2021-05-18 10:32:08,419  INFO [Thread-16] (LogUtil.java:22) - recive £º datas =null   ,reviceId = 1250640c ,time = 2021-05-18 10:32:08.419
2021-05-18 10:32:09,420  INFO [Thread-16] (LogUtil.java:22) - (send:464500b)C3 01 01 00 F6 03 0C 00   ,reviceId = 0 ,time = 2021-05-18 10:32:09.420
2021-05-18 10:32:09,527  INFO [Thread-16] (LogUtil.java:22) - (send:1064500c)20 00 01   ,reviceId = 1250640c ,time = 2021-05-18 10:32:09.527
2021-05-18 10:32:10,637  INFO [Thread-16] (LogUtil.java:22) - recive £º datas =null   ,reviceId = 1250640c ,time = 2021-05-18 10:32:10.637
2021-05-18 10:32:10,637  INFO [Thread-16] (LogUtil.java:22) - (send:1064500c)20 00 01   ,reviceId = 1250640c ,time = 2021-05-18 10:32:10.637
2021-05-18 10:32:11,749  INFO [Thread-16] (LogUtil.java:22) - recive £º datas =null   ,reviceId = 1250640c ,time = 2021-05-18 10:32:11.749
2021-05-18 10:32:11,749  INFO [Thread-16] (LogUtil.java:22) - (send:1064500c)20 00 01   ,reviceId = 1250640c ,time = 2021-05-18 10:32:11.749
2021-05-18 10:32:12,861  INFO [Thread-16] (LogUtil.java:22) - recive £º datas =null   ,reviceId = 1250640c ,time = 2021-05-18 10:32:12.861
2021-05-18 10:32:12,866  INFO [Thread-16] (LogUtil.java:22) - (send:464500b)C3 01 01 00 F6 03 0C 00   ,reviceId = 0 ,time = 2021-05-18 10:32:12.866
2021-05-18 10:32:12,972  INFO [Thread-16] (LogUtil.java:22) - (send:1064500c)20 00 01   ,reviceId = 1250640c ,time = 2021-05-18 10:32:12.972
2021-05-18 10:32:14,082  INFO [Thread-16] (LogUtil.java:22) - recive £º datas =null   ,reviceId = 1250640c ,time = 2021-05-18 10:32:14.082
2021-05-18 10:32:14,082  INFO [Thread-16] (LogUtil.java:22) - (send:1064500c)20 00 01   ,reviceId = 1250640c ,time = 2021-05-18 10:32:14.082
2021-05-18 10:32:15,194  INFO [Thread-16] (LogUtil.java:22) - recive £º datas =null   ,reviceId = 1250640c ,time = 2021-05-18 10:32:15.194
2021-05-18 10:32:15,194  INFO [Thread-16] (LogUtil.java:22) - (send:1064500c)20 00 01   ,reviceId = 1250640c ,time = 2021-05-18 10:32:15.194
2021-05-18 10:32:16,306  INFO [Thread-16] (LogUtil.java:22) - recive £º datas =null   ,reviceId = 1250640c ,time = 2021-05-18 10:32:16.306
2021-05-18 10:32:16,312  INFO [Thread-16] (LogUtil.java:22) - (send:464500b)C3 01 01 00 F6 03 0C 00   ,reviceId = 0 ,time = 2021-05-18 10:32:16.312
2021-05-18 10:32:16,419  INFO [Thread-16] (LogUtil.java:22) - (send:1064500c)20 00 01   ,reviceId = 1250640c ,time = 2021-05-18 10:32:16.419
2021-05-18 10:32:17,531  INFO [Thread-16] (LogUtil.java:22) - recive £º datas =null   ,reviceId = 1250640c ,time = 2021-05-18 10:32:17.531
2021-05-18 10:32:17,531  INFO [Thread-16] (LogUtil.java:22) - (send:1064500c)20 00 01   ,reviceId = 1250640c ,time = 2021-05-18 10:32:17.531
2021-05-18 10:32:18,644  INFO [Thread-16] (LogUtil.java:22) - recive £º datas =null   ,reviceId = 1250640c ,time = 2021-05-18 10:32:18.644
2021-05-18 10:32:18,644  INFO [Thread-16] (LogUtil.java:22) - (send:1064500c)20 00 01   ,reviceId = 1250640c ,time = 2021-05-18 10:32:18.644
2021-05-18 10:32:19,757  INFO [Thread-16] (LogUtil.java:22) - recive £º datas =null   ,reviceId = 1250640c ,time = 2021-05-18 10:32:19.757
2021-05-18 10:32:19,762  INFO [Thread-16] (LogUtil.java:22) - (send:1064500d)E0 00 11   ,reviceId = 1250640d ,time = 2021-05-18 10:32:19.762
2021-05-18 10:32:20,873  INFO [Thread-16] (LogUtil.java:22) - recive £º datas =null   ,reviceId = 1250640d ,time = 2021-05-18 10:32:20.873
2021-05-18 10:32:20,873  INFO [Thread-16] (LogUtil.java:22) - (send:1064500d)E0 00 11   ,reviceId = 1250640d ,time = 2021-05-18 10:32:20.873
2021-05-18 10:32:21,982  INFO [Thread-16] (LogUtil.java:22) - recive £º datas =null   ,reviceId = 1250640d ,time = 2021-05-18 10:32:21.982
2021-05-18 10:32:21,983  INFO [Thread-16] (LogUtil.java:22) - (send:464500b)C3 01 01 00 B2 04 04 00   ,reviceId = 0 ,time = 2021-05-18 10:32:21.983
2021-05-18 10:32:22,089  INFO [Thread-16] (LogUtil.java:22) - (send:1064500c)20 00 01   ,reviceId = 1250640c ,time = 2021-05-18 10:32:22.089
2021-05-18 10:32:23,202  INFO [Thread-16] (LogUtil.java:22) - recive £º datas =null   ,reviceId = 1250640c ,time = 2021-05-18 10:32:23.202
2021-05-18 10:32:23,202  INFO [Thread-16] (LogUtil.java:22) - (send:1064500c)20 00 01   ,reviceId = 1250640c ,time = 2021-05-18 10:32:23.202
2021-05-18 10:32:24,315  INFO [Thread-16] (LogUtil.java:22) - recive £º datas =null   ,reviceId = 1250640c ,time = 2021-05-18 10:32:24.315
2021-05-18 10:32:24,315  INFO [Thread-16] (LogUtil.java:22) - (send:1064500c)20 00 01   ,reviceId = 1250640c ,time = 2021-05-18 10:32:24.315
2021-05-18 10:32:25,427  INFO [Thread-16] (LogUtil.java:22) - recive £º datas =null   ,reviceId = 1250640c ,time = 2021-05-18 10:32:25.427
2021-05-18 10:32:25,433  INFO [Thread-16] (LogUtil.java:22) - (send:464500b)C3 01 01 00 B2 04 04 00   ,reviceId = 0 ,time = 2021-05-18 10:32:25.433
2021-05-18 10:32:25,541  INFO [Thread-16] (LogUtil.java:22) - (send:1064500c)20 00 01   ,reviceId = 1250640c ,time = 2021-05-18 10:32:25.541
2021-05-18 10:32:26,652  INFO [Thread-16] (LogUtil.java:22) - recive £º datas =null   ,reviceId = 1250640c ,time = 2021-05-18 10:32:26.652
2021-05-18 10:32:26,652  INFO [Thread-16] (LogUtil.java:22) - (send:1064500c)20 00 01   ,reviceId = 1250640c ,time = 2021-05-18 10:32:26.652
2021-05-18 10:32:27,762  INFO [Thread-16] (LogUtil.java:22) - recive £º datas =null   ,reviceId = 1250640c ,time = 2021-05-18 10:32:27.762
2021-05-18 10:32:27,762  INFO [Thread-16] (LogUtil.java:22) - (send:1064500c)20 00 01   ,reviceId = 1250640c ,time = 2021-05-18 10:32:27.762
2021-05-18 10:32:28,872  INFO [Thread-16] (LogUtil.java:22) - recive £º datas =null   ,reviceId = 1250640c ,time = 2021-05-18 10:32:28.872
2021-05-18 10:32:28,878  INFO [Thread-16] (LogUtil.java:22) - (send:464500b)C3 01 01 00 B2 04 04 00   ,reviceId = 0 ,time = 2021-05-18 10:32:28.878
2021-05-18 10:32:28,983  INFO [Thread-16] (LogUtil.java:22) - (send:1064500c)20 00 01   ,reviceId = 1250640c ,time = 2021-05-18 10:32:28.983
2021-05-18 10:32:30,094  INFO [Thread-16] (LogUtil.java:22) - recive £º datas =null   ,reviceId = 1250640c ,time = 2021-05-18 10:32:30.094
2021-05-18 10:32:30,094  INFO [Thread-16] (LogUtil.java:22) - (send:1064500c)20 00 01   ,reviceId = 1250640c ,time = 2021-05-18 10:32:30.094
2021-05-18 10:32:31,206  INFO [Thread-16] (LogUtil.java:22) - recive £º datas =null   ,reviceId = 1250640c ,time = 2021-05-18 10:32:31.206
2021-05-18 10:32:31,206  INFO [Thread-16] (LogUtil.java:22) - (send:1064500c)20 00 01   ,reviceId = 1250640c ,time = 2021-05-18 10:32:31.206
2021-05-18 10:32:32,316  INFO [Thread-16] (LogUtil.java:22) - recive £º datas =null   ,reviceId = 1250640c ,time = 2021-05-18 10:32:32.316
2021-05-18 10:32:32,321  INFO [Thread-16] (LogUtil.java:22) - (send:1064500d)E0 00 09   ,reviceId = 1250640d ,time = 2021-05-18 10:32:32.321
2021-05-18 10:32:33,434  INFO [Thread-16] (LogUtil.java:22) - recive £º datas =null   ,reviceId = 1250640d ,time = 2021-05-18 10:32:33.434
2021-05-18 10:32:33,434  INFO [Thread-16] (LogUtil.java:22) - (send:1064500d)E0 00 09   ,reviceId = 1250640d ,time = 2021-05-18 10:32:33.434
2021-05-18 10:32:34,545  INFO [Thread-16] (LogUtil.java:22) - recive £º datas =null   ,reviceId = 1250640d ,time = 2021-05-18 10:32:34.545
2021-05-18 10:32:34,545  INFO [Thread-16] (LogUtil.java:22) - (send:464500b)C1 00 00 FF   ,reviceId = 0 ,time = 2021-05-18 10:32:34.545
