cn.com.modbusmonitor.core.exception.ModbusMointorException: ?????????????????
	at cn.com.modbusmonitor.core.service.impl.ModbusDeviceController.connect(ModbusDeviceController.java:670)
	at user.frame.MainFrame.connect(MainFrame.java:455)
	at user.frame.MainFrame.createContents(MainFrame.java:438)
	at user.frame.MainFrame.open(MainFrame.java:222)
	at user.frame.MainFrame.main(MainFrame.java:141)
	at sun.reflect.NativeMethodAccessorImpl.invoke0(Native Method)
	at sun.reflect.NativeMethodAccessorImpl.invoke(NativeMethodAccessorImpl.java:57)
	at sun.reflect.DelegatingMethodAccessorImpl.invoke(DelegatingMethodAccessorImpl.java:43)
	at java.lang.reflect.Method.invoke(Method.java:606)
	at com.exe4j.runtime.LauncherEngine.launch(Unknown Source)
	at com.exe4j.runtime.WinLauncher.main(Unknown Source)
cn.com.modbusmonitor.core.exception.ModbusMointorException: ?????????????????
	at cn.com.modbusmonitor.core.service.impl.ModbusDeviceController.connect(ModbusDeviceController.java:670)
	at user.frame.MainFrame.connect(MainFrame.java:455)
	at user.frame.MainFrame.createContents(MainFrame.java:438)
	at user.frame.MainFrame.open(MainFrame.java:222)
	at user.frame.MainFrame.main(MainFrame.java:141)
	at sun.reflect.NativeMethodAccessorImpl.invoke0(Native Method)
	at sun.reflect.NativeMethodAccessorImpl.invoke(NativeMethodAccessorImpl.java:57)
	at sun.reflect.DelegatingMethodAccessorImpl.invoke(DelegatingMethodAccessorImpl.java:43)
	at java.lang.reflect.Method.invoke(Method.java:606)
	at com.exe4j.runtime.LauncherEngine.launch(Unknown Source)
	at com.exe4j.runtime.WinLauncher.main(Unknown Source)
